<?xml version="1.0" encoding="UTF-8"?>
<beans xmlns="http://www.springframework.org/schema/beans"
       xmlns:xsi="http://www.w3.org/2001/XMLSchema-instance"
       xsi:schemaLocation="http://www.springframework.org/schema/beans http://www.springframework.org/schema/beans/spring-beans.xsd">

    <bean id="dataSource"
          class="org.springframework.jdbc.datasource.SimpleDriverDataSource">
        <property name ="driverClass" value="com.mysql.jdbc.Driver" />
        <property name ="url" value="jdbc:mysql://localhost/testdb" />
        <property name ="username" value="root" />
        <property name ="password" value="" />
    </bean>

    <bean id="userDao" class="com.example.tobyspring.ch01.dao.UserDao">
        <property name="dataSource" ref="dataSource"/>
<!--        <property name="jdbcContext" ref="jdbcContext"/>-->
    </bean>

<!--    <bean id="jdbcContext" class="com.example.tobyspring.ch03.dao.JdbcContext">-->
<!--        <property name="dataSource" ref="dataSource"/>-->
<!--    </bean>-->
</beans>