<?xml version="1.0" encoding="UTF-8"?>
<beans xmlns="http://www.springframework.org/schema/beans"
       xmlns:xsi="http://www.w3.org/2001/XMLSchema-instance"
       xmlns:aop="http://www.springframework.org/schema/aop"
       xmlns:context="http://www.springframework.org/schema/context"
       xmlns:tx="http://www.springframework.org/schema/tx"
       xsi:schemaLocation="http://www.springframework.org/schema/beans http://www.springframework.org/schema/beans/spring-beans.xsd http://www.springframework.org/schema/aop http://www.springframework.org/schema/aop/spring-aop-3.0.xsd
                            http://www.springframework.org/schema/context http://www.springframework.org/schema/spring-context-3.0.xsd http://www.springframework.org/schema/tx  http://www.springframework.org/schema/tx/spring-tx-2.5.xsd">

    <tx:annotation-driven/>
    <context:annotation-config/>

    <bean id="dataSource"
          class="org.springframework.jdbc.datasource.SimpleDriverDataSource">
        <property name ="driverClass" value="com.mysql.cj.jdbc.Driver" />
        <property name ="url" value="jdbc:mysql://localhost/testdb" />
        <property name ="username" value="root" />
        <property name ="password" value="" />
    </bean>


    <bean id="userDao" class="com.example.tobyspring.ch04.dao.UserDaoJdbc">
        <property name="dataSource" ref="dataSource"/>
        <property name="sqlService" ref="sqlService"/>
    </bean>

    <bean id="sqlService" class="com.example.tobyspring.ch07.XmlSqlService">
    </bean>

<!--    <bean id="UserLevelUpgradePolicy" class="com.example.tobyspring.ch05.UserLevelUpgradePolicy" abstract="true"/>-->

<!--    <bean id="UserLevelUpgradePolicyImpl" class="com.example.tobyspring.ch05.UserLevelUpgradePolicyImpl"/>-->


    <bean id="userService" class="com.example.tobyspring.ch05.UserServiceImpl">
        <property name="userDao" ref="userDao"/>
        <property name="mailSender" ref="mailSender"/>
    </bean>

    <bean id="transactionManager" class = "org.springframework.jdbc.datasource.DataSourceTransactionManager">
        <property name="dataSource" ref="dataSource"/>
    </bean>

    <bean id="mailSender" class="com.example.tobyspring.ch05.DummyMailSender">
    </bean>


    <bean id="transactionAdvisor" class="org.springframework.aop.support.DefaultPointcutAdvisor">
        <property name="advice" ref="transactionAdvice"/>
        <property name="pointcut" ref="transactionPointCut"/>
    </bean>

    <bean id="transactionAdvice" class="org.springframework.transaction.interceptor.TransactionInterceptor">
        <property name="transactionManager" ref="transactionManager"/>
        <property name="transactionAttributes">
            <props>
                <prop key="get*">PROPAGATION_REQUIRED, readOnly, timeout_30</prop>
                <prop key="*">PROPAGATION_REQUIRED</prop>
            </props>
        </property>
    </bean>

    <tx:advice id="transactionAdvice">
        <tx:attributes>
            <tx:method name="get*" read-only="true"/>
            <tx:method name="*"/>
        </tx:attributes>
    </tx:advice>

    <tx:advice id="batchTxAdvice">
    </tx:advice>

    <bean id="transactionPointCut" class="org.springframework.aop.aspectj.AspectJExpressionPointcut">
        <property name="expression" value="execution(* *..*ServiceImpl.upgrade*(..))"/>
    </bean>

    <bean class="org.springframework.aop.framework.autoproxy.DefaultAdvisorAutoProxyCreator"/>

    <bean id="testUserService" class="com.example.tobyspring.ch05.UserServiceTest$TestUserService" parent="userService"/>

    <aop:config>
        <aop:advisor advice-ref="transactionAdvice" pointcut="bean(*Service)"/>
    </aop:config>




    <!--    <bean id="jdbcContext" class="com.example.tobyspring.ch05.UserServiceTest.example.tobyspring.ch03.dao.JdbcContext">-->
<!--        <property name="dataSource" ref="dataSource"/>-->
<!--    </bean>-->
</beans>